build/app/outputs/mapping/release/seeds.txt
com.example.bankappnew.MainActivity
com.example.bankappnew.MainActivity: MainActivity()
...
com.huawei.hms.scankit.p.Id: java.lang.String a(java.lang.CharSequence,int,int,int)
androidx.core.view.ViewCompat$Api15Impl: boolean hasOnClickListeners(android.view.View)
androidx.core.app.NotificationCompatBuilder$Api20Impl: android.app.Notification$Action$Builder addRemoteInput(android.app.Notification$Action$Builder,android.app.RemoteInput)
com.huawei.hms.scankit.p.Kc$b: boolean a(com.huawei.hms.scankit.p.Kc$b,boolean)
com.huawei.hms.framework.common.hianalytics.HianalyticsBaseData: com.huawei.hms.framework.common.hianalytics.HianalyticsBaseData put(java.lang.String,long)
com.huawei.hms.scankit.p.zc$a: zc$a(int,int)
com.huawei.hms.scankit.p.qa: qa(java.lang.String)
com.huawei.hms.scankit.p.Zd: com.huawei.hms.scankit.p.bb a(com.huawei.hms.scankit.p.de,java.lang.String,int,int,int,int)
com.huawei.hms.mlsdk.common.MLApplication: com.huawei.hms.mlsdk.common.MLApplication getInstance()
androidx.window.embedding.EmbeddingAdapter: java.util.Set translate(java.util.Set)
com.huawei.hms.scankit.p.s$a: com.huawei.hms.scankit.p.s$a valueOf(java.lang.String)
com.huawei.hms.framework.network.grs.a$a: void a()
com.huawei.hms.framework.common.hianalytics.HianalyticsHelper$1: void run()
com.huawei.hms.scankit.aiscan.common.c: com.huawei.hms.scankit.aiscan.common.c[] values()
com.huawei.hms.scankit.p.J: java.lang.String c()
com.huawei.hms.scankit.p.Xa: java.lang.String a(boolean[],java.util.Map)
com.huawei.hms.scankit.p.vc: boolean equals(java.lang.Object)
com.huawei.hms.scankit.p.na: void f(java.lang.String)
com.huawei.hms.hmsscankit.api.IRemoteViewDelegate$Stub$Proxy: void onStop()
androidx.window.layout.HardwareFoldingFeature$Type$Companion: androidx.window.layout.HardwareFoldingFeature$Type getHINGE()
androidx.window.layout.WindowLayoutInfo: java.lang.String toString()
io.flutter.plugins.imagepicker.ImagePickerDelegate$CameraDevice: io.flutter.plugins.imagepicker.ImagePickerDelegate$CameraDevice[] values()
kotlin.jvm.internal.FunctionReferenceImpl: FunctionReferenceImpl(int,kotlin.reflect.KDeclarationContainer,java.lang.String,java.lang.String)
androidx.window.embedding.SplitPlaceholderRule: int hashCode()
androidx.appcompat.widget.AppCompatImageButton: android.content.res.ColorStateList getSupportImageTintList()
com.huawei.hms.scankit.aiscan.common.q: com.huawei.hms.scankit.aiscan.common.q a(float,float,float,float,float,float,float,float,float,float,float,float,float,float,float,float)
kotlin.reflect.KVisibility: kotlin.reflect.KVisibility[] values()
androidx.window.embedding.SplitInfo: float getSplitRatio()
com.huawei.hms.scankit.p.u: byte a(char)
com.huawei.hms.framework.network.grs.GrsBaseInfo: java.lang.String getCountrySource()
com.huawei.hms.scankit.p.pc: com.huawei.hms.scankit.aiscan.common.g a(com.huawei.hms.scankit.p.rc,com.huawei.hms.scankit.p.rc,com.huawei.hms.scankit.p.rc,float,int)
io.flutter.view.AccessibilityViewEmbedder: android.view.accessibility.AccessibilityNodeInfo getRootNode(android.view.View,int,android.graphics.Rect)
com.huawei.hms.scankit.util.a: java.lang.String a(java.lang.String)
androidx.window.layout.SidecarCompat$Companion: androidx.window.core.Version getSidecarVersion()
com.huawei.hms.mlsdk.common.MLApplication: java.lang.Object get(java.lang.Class)
com.huawei.hms.framework.network.grs.GrsBaseInfo: java.lang.String getSerCountry()
androidx.core.os.LocaleListCompat$Api24Impl: android.os.LocaleList getDefault()
androidx.appcompat.widget.Toolbar: androidx.appcompat.widget.DecorToolbar getWrapper()
com.huawei.hms.framework.common.LimitQueue: LimitQueue(int)
com.huawei.hms.scankit.p.Qc: java.lang.String a(android.os.Bundle)
com.huawei.hms.scankit.p.me: void a(com.huawei.hms.scankit.p.wc,com.huawei.hms.scankit.p.ab)
com.huawei.hms.scankit.p.Sc: void run()
androidx.window.embedding.SplitPairRule: SplitPairRule(java.util.Set,boolean,boolean,boolean,int,int,float,int,int,kotlin.jvm.internal.DefaultConstructorMarker)
com.huawei.hms.scankit.p.ne: int b(com.huawei.hms.scankit.p.je)