build/app/outputs/mapping/release/mapping.txt
# compiler: R8
# compiler_version: 3.2.47
# min_api: 21
# common_typos_disable
# {"id":"com.android.tools.r8.mapping","version":"2.0"}
# pg_map_id: c3466c8
# pg_map_hash: SHA-256 c3466c84ecf2b9910a22737c9b44796cdb645d01529b034887513e8cb532bac1
...
com.google.android.exoplayer2.upstream.LoaderErrorThrower -> c2.i0:
    void maybeThrowError() -> b
com.google.android.exoplayer2.upstream.LoaderErrorThrower$Dummy -> c2.i0$a:
    void maybeThrowError() -> b
com.google.android.exoplayer2.upstream.ParsingLoadable -> c2.j0:
    com.google.android.exoplayer2.upstream.StatsDataSource dataSource -> d
    java.lang.Object result -> f
    long loadTaskId -> a
    com.google.android.exoplayer2.upstream.ParsingLoadable$Parser parser -> e
    com.google.android.exoplayer2.upstream.DataSpec dataSpec -> b
    int type -> c
    void load() -> a
    void cancelLoad() -> b
    long bytesLoaded() -> c
    java.util.Map getResponseHeaders() -> d
    java.lang.Object getResult() -> e
    android.net.Uri getUri() -> f
com.google.android.exoplayer2.upstream.ParsingLoadable$Parser -> c2.j0$a:
    java.lang.Object parse(android.net.Uri,java.io.InputStream) -> a
com.google.android.exoplayer2.upstream.RawResourceDataSource -> c2.k0:
    long bytesRemaining -> j
    java.lang.String packageName -> f
    android.net.Uri uri -> g
    android.content.res.Resources resources -> e
    java.io.InputStream inputStream -> i
    boolean opened -> k
    android.content.res.AssetFileDescriptor assetFileDescriptor -> h
    int read(byte[],int,int) -> c
    long open(com.google.android.exoplayer2.upstream.DataSpec) -> h
    android.net.Uri getUri() -> m
com.google.android.exoplayer2.upstream.RawResourceDataSource$RawResourceDataSourceException -> c2.k0$a:
com.google.android.exoplayer2.upstream.SlidingPercentile -> c2.n0:
    java.util.Comparator INDEX_COMPARATOR -> h
    java.util.Comparator VALUE_COMPARATOR -> i
    int totalWeight -> f
    int recycledSampleCount -> g
    int currentSortOrder -> d
    int nextSampleIndex -> e
    com.google.android.exoplayer2.upstream.SlidingPercentile$Sample[] recycledSamples -> c
    java.util.ArrayList samples -> b
    int maxWeight -> a
    int $r8$lambda$kHXYHfok8QC8DQsYRzQ_7PvLqTo(com.google.android.exoplayer2.upstream.SlidingPercentile$Sample,com.google.android.exoplayer2.upstream.SlidingPercentile$Sample) -> a
      # {"id":"com.android.tools.r8.synthesized"}
    int $r8$lambda$rSKVMpYhq9pJGDaeHheQ7jtQcCo(com.google.android.exoplayer2.upstream.SlidingPercentile$Sample,com.google.android.exoplayer2.upstream.SlidingPercentile$Sample) -> b
      # {"id":"com.android.tools.r8.synthesized"}
    void addSample(int,float) -> c
    void ensureSortedByIndex() -> d
    void ensureSortedByValue() -> e
    float getPercentile(float) -> f
    int lambda$static$0(com.google.android.exoplayer2.upstream.SlidingPercentile$Sample,com.google.android.exoplayer2.upstream.SlidingPercentile$Sample) -> g
    int lambda$static$1(com.google.android.exoplayer2.upstream.SlidingPercentile$Sample,com.google.android.exoplayer2.upstream.SlidingPercentile$Sample) -> h
    void reset() -> i
com.google.android.exoplayer2.upstream.SlidingPercentile$1 -> c2.n0$a:
com.google.android.exoplayer2.upstream.SlidingPercentile$Sample -> c2.n0$b:
    float value -> c
    int weight -> b
    int index -> a
com.google.android.exoplayer2.upstream.StatsDataSource -> c2.o0:
    java.util.Map lastResponseHeaders -> d
    long bytesRead -> b
    com.google.android.exoplayer2.upstream.DataSource dataSource -> a
    android.net.Uri lastOpenedUri -> c
    int read(byte[],int,int) -> c
    java.util.Map getResponseHeaders() -> g
    long open(com.google.android.exoplayer2.upstream.DataSpec) -> h
    void addTransferListener(com.google.android.exoplayer2.upstream.TransferListener) -> k
    android.net.Uri getUri() -> m
    long getBytesRead() -> r
    android.net.Uri getLastOpenedUri() -> s
    java.util.Map getLastResponseHeaders() -> t
    void resetBytesRead() -> u