build/app/outputs/mapping/release/usage.txt
com.example.bankappnew.BuildConfig
com.example.bankappnew.R$anim
com.example.bankappnew.R$animator
com.example.bankappnew.R$array
com.example.bankappnew.R$attr
com.example.bankappnew.R$bool
com.example.bankappnew.R$color
com.example.bankappnew.R$dimen
com.example.bankappnew.R$drawable
com.example.bankappnew.R$id
com.example.bankappnew.R$integer
com.example.bankappnew.R$interpolator
com.example.bankappnew.R$layout
com.example.bankappnew.R$mipmap
com.example.bankappnew.R$raw
com.example.bankappnew.R$string
com.example.bankappnew.R$style
com.example.bankappnew.R$styleable
com.example.bankappnew.R$xml
com.example.bankappnew.R
...
com.google.android.gms.internal.auth.zzhv
com.google.android.gms.internal.auth.zzi
com.google.android.gms.internal.auth.zzj
com.google.android.gms.internal.auth.zzk
com.google.android.gms.internal.auth.zzl
com.google.android.gms.internal.auth.zzm
com.google.android.gms.internal.auth.zzn
com.google.android.gms.internal.auth.zzo
com.google.android.gms.internal.auth.zzp
com.google.android.gms.internal.auth.zzq
com.google.android.gms.internal.auth.zzr
com.google.android.gms.internal.auth.zzs
com.google.android.gms.internal.auth.zzt
com.google.android.gms.internal.auth.zzu
com.google.android.gms.internal.auth.zzv
com.google.android.gms.internal.auth.zzw
com.google.android.gms.internal.auth.zzx
com.google.android.gms.internal.auth.zzy
com.google.android.gms.internal.auth.zzz
com.google.android.gms.internal.base.zaa:
    protected final android.os.Parcel zab(int,android.os.Parcel)
com.google.android.gms.internal.base.zac:
    public static void zab(android.os.Parcel,boolean)
com.google.android.gms.internal.base.zae
com.google.android.gms.internal.base.zaf
com.google.android.gms.internal.base.zag
com.google.android.gms.internal.base.zah
com.google.android.gms.internal.base.zai
com.google.android.gms.internal.base.zaj
com.google.android.gms.internal.base.zak
com.google.android.gms.internal.base.zam
com.google.android.gms.internal.base.zan
com.google.android.gms.internal.base.zao
com.google.android.gms.internal.base.zap
com.google.android.gms.internal.base.zaq:
    public void <init>()
com.google.android.gms.internal.common.zza:
    protected final void zzC(int,android.os.Parcel)
    protected final void zzD(int,android.os.Parcel)
com.google.android.gms.internal.common.zzaa
com.google.android.gms.internal.common.zzab
com.google.android.gms.internal.common.zzac
com.google.android.gms.internal.common.zzad
com.google.android.gms.internal.common.zzae
com.google.android.gms.internal.common.zzaf
com.google.android.gms.internal.common.zzag
com.google.android.gms.internal.common.zzah
com.google.android.gms.internal.common.zzai
com.google.android.gms.internal.common.zzaj
com.google.android.gms.internal.common.zzak
com.google.android.gms.internal.common.zzc:
    public static void zzd(android.os.Parcel,android.os.Parcelable)
    public static void zze(android.os.Parcel,android.os.Parcelable)
    public static boolean zzg(android.os.Parcel)
com.google.android.gms.internal.common.zze
com.google.android.gms.internal.common.zzf
com.google.android.gms.internal.common.zzg
com.google.android.gms.internal.common.zzh
com.google.android.gms.internal.common.zzi:
    public void <init>()
com.google.android.gms.internal.common.zzj
com.google.android.gms.internal.common.zzk
com.google.android.gms.internal.common.zzl
com.google.android.gms.internal.common.zzm
com.google.android.gms.internal.common.zzn
com.google.android.gms.internal.common.zzo
com.google.android.gms.internal.common.zzp
com.google.android.gms.internal.common.zzq
com.google.android.gms.internal.common.zzr
com.google.android.gms.internal.common.zzs
com.google.android.gms.internal.common.zzt
com.google.android.gms.internal.common.zzu
com.google.android.gms.internal.common.zzv
com.google.android.gms.internal.common.zzw
com.google.android.gms.internal.common.zzx
com.google.android.gms.internal.common.zzy
com.google.android.gms.internal.common.zzz
com.google.android.gms.internal.fido.zza
com.google.android.gms.internal.fido.zzaa
com.google.android.gms.internal.fido.zzab
com.google.android.gms.internal.fido.zzac
com.google.android.gms.internal.fido.zzad
com.google.android.gms.internal.fido.zzae
com.google.android.gms.internal.fido.zzaf
com.google.android.gms.internal.fido.zzag
com.google.android.gms.internal.fido.zzah
com.google.android.gms.internal.fido.zzai
com.google.android.gms.internal.fido.zzaj
com.google.android.gms.internal.fido.zzak
com.google.android.gms.internal.fido.zzal
com.google.android.gms.internal.fido.zzam
com.google.android.gms.internal.fido.zzan